<?xml version="1.0" encoding="UTF-8"?>
<testng-results skipped="0" failed="0" ignored="0" total="1" passed="1">
  <reporter-output>
  </reporter-output>
  <suite name="Default suite" duration-ms="27853" started-at="2019-06-06T17:20:05Z" finished-at="2019-06-06T17:20:33Z">
    <groups>
    </groups>
    <test name="Default test" duration-ms="27853" started-at="2019-06-06T17:20:05Z" finished-at="2019-06-06T17:20:33Z">
      <class name="Maven.Demo1">
        <test-method status="PASS" signature="TestOne()[pri:0, instance:Maven.Demo1@cb5822]" name="TestOne" duration-ms="27731" started-at="2019-06-06T17:20:05Z" finished-at="2019-06-06T17:20:33Z">
          <reporter-output>
          </reporter-output>
        </test-method> <!-- TestOne -->
      </class> <!-- Maven.Demo1 -->
    </test> <!-- Default test -->
  </suite> <!-- Default suite -->
</testng-results>
